# JRE version: OpenJDK Runtime Environment (8.0_242-b01) (build 1.8.0_242-release-1644-b01)
# Java VM: OpenJDK 64-Bit Server VM (25.242-b01 mixed mode windows-amd64 compressed oops)
Heap:
 PSYoungGen      total 263680K, used 234638K [0x00000000d5580000, 0x00000000eac80000, 0x0000000100000000)
  eden space 254976K, 88% used [0x00000000d5580000,0x00000000e3266c18,0x00000000e4e80000)
  from space 8704K, 96% used [0x00000000ea400000,0x00000000eac3cd90,0x00000000eac80000)
  to   space 36864K, 0% used [0x00000000e6480000,0x00000000e6480000,0x00000000e8880000)
 ParOldGen       total 329728K, used 60855K [0x0000000080000000, 0x0000000094200000, 0x00000000d5580000)
  object space 329728K, 18% used [0x0000000080000000,0x0000000083b6dfb0,0x0000000094200000)
 Metaspace       used 92887K, capacity 97426K, committed 100940K, reserved 1136640K
  class space    used 12214K, capacity 13041K, committed 13952K, reserved 1048576K
GC Heap History (10 events):
Event: 10.481 GC heap before
{Heap before GC invocations=16 (full 3):
 PSYoungGen      total 252416K, used 252393K [0x00000000d5580000, 0x00000000e7400000, 0x0000000100000000)
  eden space 226816K, 100% used [0x00000000d5580000,0x00000000e3300000,0x00000000e3300000)
  from space 25600K, 99% used [0x00000000e5180000,0x00000000e6a7a560,0x00000000e6a80000)
  to   space 31232K, 0% used [0x00000000e3300000,0x00000000e3300000,0x00000000e5180000)
 ParOldGen       total 215552K, used 47331K [0x0000000080000000, 0x000000008d280000, 0x00000000d5580000)
  object space 215552K, 21% used [0x0000000080000000,0x0000000082e38c38,0x000000008d280000)
 Metaspace       used 77425K, capacity 81180K, committed 81496K, reserved 1120256K
  class space    used 10436K, capacity 11120K, committed 11136K, reserved 1048576K
Event: 10.507 GC heap after
Heap after GC invocations=16 (full 3):
 PSYoungGen      total 258048K, used 18583K [0x00000000d5580000, 0x00000000e9800000, 0x0000000100000000)
  eden space 226816K, 0% used [0x00000000d5580000,0x00000000d5580000,0x00000000e3300000)
  from space 31232K, 59% used [0x00000000e3300000,0x00000000e4525d20,0x00000000e5180000)
  to   space 30720K, 0% used [0x00000000e7a00000,0x00000000e7a00000,0x00000000e9800000)
 ParOldGen       total 215552K, used 72331K [0x0000000080000000, 0x000000008d280000, 0x00000000d5580000)
  object space 215552K, 33% used [0x0000000080000000,0x00000000846a2c90,0x000000008d280000)
 Metaspace       used 77425K, capacity 81180K, committed 81496K, reserved 1120256K
  class space    used 10436K, capacity 11120K, committed 11136K, reserved 1048576K
}
Event: 11.498 GC heap before
{Heap before GC invocations=17 (full 3):
 PSYoungGen      total 258048K, used 241305K [0x00000000d5580000, 0x00000000e9800000, 0x0000000100000000)
  eden space 226816K, 98% used [0x00000000d5580000,0x00000000e2f009b8,0x00000000e3300000)
  from space 31232K, 59% used [0x00000000e3300000,0x00000000e4525d20,0x00000000e5180000)
  to   space 30720K, 0% used [0x00000000e7a00000,0x00000000e7a00000,0x00000000e9800000)
 ParOldGen       total 215552K, used 72331K [0x0000000080000000, 0x000000008d280000, 0x00000000d5580000)
  object space 215552K, 33% used [0x0000000080000000,0x00000000846a2c90,0x000000008d280000)
 Metaspace       used 87441K, capacity 93544K, committed 93784K, reserved 1130496K
  class space    used 12143K, capacity 13316K, committed 13440K, reserved 1048576K
Event: 11.515 GC heap after
Heap after GC invocations=17 (full 3):
 PSYoungGen      total 292352K, used 30706K [0x00000000d5580000, 0x00000000ea680000, 0x0000000100000000)
  eden space 261632K, 0% used [0x00000000d5580000,0x00000000d5580000,0x00000000e5500000)
  from space 30720K, 99% used [0x00000000e7a00000,0x00000000e97fcb58,0x00000000e9800000)
  to   space 37888K, 0% used [0x00000000e5500000,0x00000000e5500000,0x00000000e7a00000)
 ParOldGen       total 215552K, used 79801K [0x0000000080000000, 0x000000008d280000, 0x00000000d5580000)
  object space 215552K, 37% used [0x0000000080000000,0x0000000084dee510,0x000000008d280000)
 Metaspace       used 87441K, capacity 93544K, committed 93784K, reserved 1130496K
  class space    used 12143K, capacity 13316K, committed 13440K, reserved 1048576K
}
Event: 12.914 GC heap before
{Heap before GC invocations=18 (full 3):
 PSYoungGen      total 292352K, used 279654K [0x00000000d5580000, 0x00000000ea680000, 0x0000000100000000)
  eden space 261632K, 95% used [0x00000000d5580000,0x00000000e489cec0,0x00000000e5500000)
  from space 30720K, 99% used [0x00000000e7a00000,0x00000000e97fcb58,0x00000000e9800000)
  to   space 37888K, 0% used [0x00000000e5500000,0x00000000e5500000,0x00000000e7a00000)
 ParOldGen       total 215552K, used 79801K [0x0000000080000000, 0x000000008d280000, 0x00000000d5580000)
  object space 215552K, 37% used [0x0000000080000000,0x0000000084dee510,0x000000008d280000)
 Metaspace       used 91899K, capacity 98226K, committed 98380K, reserved 1134592K
  class space    used 12639K, capacity 13871K, committed 13952K, reserved 1048576K
Event: 12.921 GC heap after
Heap after GC invocations=18 (full 3):
 PSYoungGen      total 299520K, used 7922K [0x00000000d5580000, 0x00000000ec880000, 0x0000000100000000)
  eden space 261632K, 0% used [0x00000000d5580000,0x00000000d5580000,0x00000000e5500000)
  from space 37888K, 20% used [0x00000000e5500000,0x00000000e5cbcbd8,0x00000000e7a00000)
  to   space 37376K, 0% used [0x00000000ea400000,0x00000000ea400000,0x00000000ec880000)
 ParOldGen       total 215552K, used 90020K [0x0000000080000000, 0x000000008d280000, 0x00000000d5580000)
  object space 215552K, 41% used [0x0000000080000000,0x00000000857e9008,0x000000008d280000)
 Metaspace       used 91899K, capacity 98226K, committed 98380K, reserved 1134592K
  class space    used 12639K, capacity 13871K, committed 13952K, reserved 1048576K
}
Event: 12.921 GC heap before
{Heap before GC invocations=19 (full 4):
 PSYoungGen      total 299520K, used 7922K [0x00000000d5580000, 0x00000000ec880000, 0x0000000100000000)
  eden space 261632K, 0% used [0x00000000d5580000,0x00000000d5580000,0x00000000e5500000)
  from space 37888K, 20% used [0x00000000e5500000,0x00000000e5cbcbd8,0x00000000e7a00000)
  to   space 37376K, 0% used [0x00000000ea400000,0x00000000ea400000,0x00000000ec880000)
 ParOldGen       total 215552K, used 90020K [0x0000000080000000, 0x000000008d280000, 0x00000000d5580000)
  object space 215552K, 41% used [0x0000000080000000,0x00000000857e9008,0x000000008d280000)
 Metaspace       used 91899K, capacity 98226K, committed 98380K, reserved 1134592K
  class space    used 12639K, capacity 13871K, committed 13952K, reserved 1048576K
Event: 13.025 GC heap after
Heap after GC invocations=19 (full 4):
 PSYoungGen      total 299520K, used 0K [0x00000000d5580000, 0x00000000ec880000, 0x0000000100000000)
  eden space 261632K, 0% used [0x00000000d5580000,0x00000000d5580000,0x00000000e5500000)
  from space 37888K, 0% used [0x00000000e5500000,0x00000000e5500000,0x00000000e7a00000)
  to   space 37376K, 0% used [0x00000000ea400000,0x00000000ea400000,0x00000000ec880000)
 ParOldGen       total 329728K, used 60847K [0x0000000080000000, 0x0000000094200000, 0x00000000d5580000)
  object space 329728K, 18% used [0x0000000080000000,0x0000000083b6bfb0,0x0000000094200000)
 Metaspace       used 90434K, capacity 94690K, committed 98380K, reserved 1134592K
  class space    used 12118K, capacity 12937K, committed 13952K, reserved 1048576K
}
Event: 3137.816 GC heap before
{Heap before GC invocations=20 (full 4):
 PSYoungGen      total 299520K, used 261632K [0x00000000d5580000, 0x00000000ec880000, 0x0000000100000000)
  eden space 261632K, 100% used [0x00000000d5580000,0x00000000e5500000,0x00000000e5500000)
  from space 37888K, 0% used [0x00000000e5500000,0x00000000e5500000,0x00000000e7a00000)
  to   space 37376K, 0% used [0x00000000ea400000,0x00000000ea400000,0x00000000ec880000)
 ParOldGen       total 329728K, used 60847K [0x0000000080000000, 0x0000000094200000, 0x00000000d5580000)
  object space 329728K, 18% used [0x0000000080000000,0x0000000083b6bfb0,0x0000000094200000)
 Metaspace       used 92289K, capacity 96692K, committed 100172K, reserved 1136640K
  class space    used 12204K, capacity 13030K, committed 13952K, reserved 1048576K
Event: 3137.835 GC heap after
Heap after GC invocations=20 (full 4):
 PSYoungGen      total 263680K, used 8435K [0x00000000d5580000, 0x00000000eac80000, 0x0000000100000000)
  eden space 254976K, 0% used [0x00000000d5580000,0x00000000d5580000,0x00000000e4e80000)
  from space 8704K, 96% used [0x00000000ea400000,0x00000000eac3cd90,0x00000000eac80000)
  to   space 36864K, 0% used [0x00000000e6480000,0x00000000e6480000,0x00000000e8880000)
 ParOldGen       total 329728K, used 60855K [0x0000000080000000, 0x0000000094200000, 0x00000000d5580000)
  object space 329728K, 18% used [0x0000000080000000,0x0000000083b6dfb0,0x0000000094200000)
 Metaspace       used 92289K, capacity 96692K, committed 100172K, reserved 1136640K
  class space    used 12204K, capacity 13030K, committed 13952K, reserved 1048576K
}

